*** Using Compiler 'V6.24', folder: 'C:\Users\MyPC\AppData\Local\Keil_v5\ARM\ARMCLANG\Bin'
Rebuild target 'doan_01'
assembling startup_stm32f407xx.s...
compiling stm32f4xx_hal_i2c_ex.c...
compiling stm32f4xx_hal_flash_ramfunc.c...
compiling stm32f4xx_it.c...
compiling stm32f4xx_hal_msp.c...
compiling stm32f4xx_hal_rcc_ex.c...
compiling stm32f4xx_hal_flash_ex.c...
compiling stm32f4xx_hal_flash.c...
compiling main.c...
compiling stm32f4xx_hal_rcc.c...
compiling stm32f4xx_hal_gpio.c...
compiling stm32f4xx_hal_dma_ex.c...
compiling stm32f4xx_hal_pwr_ex.c...
compiling stm32f4xx_hal_dma.c...
compiling stm32f4xx_hal_pwr.c...
compiling stm32f4xx_hal_exti.c...
compiling stm32f4xx_hal.c...
compiling stm32f4xx_hal_cortex.c...
compiling system_stm32f4xx.c...
compiling stm32f4xx_hal_tim_ex.c...
compiling pid.c...
compiling control.c...
compiling delay.c...
compiling encoder.c...
compiling motor.c...
compiling mpu6050.c...
compiling stm32f4xx_hal_i2c.c...
compiling navigation.c...
compiling stm32f4xx_hal_uart.c...
compiling Servo.c...
compiling stm32f4xx_hal_tim.c...
compiling VL53L0X.c...
linking...
Program Size: Code=21144 RO-data=816 RW-data=16 ZI-data=2272  
FromELF: creating hex file...
"doan_01\doan_01.axf" - 0 Error(s), 0 Warning(s).
Build Time Elapsed:  00:00:05
